<?xml version="1.0" encoding="UTF-8"?>
<!-- Generated by org.testng.reporters.JUnitReportReporter -->
<testsuite hostname="LAPTOP-8391LUA7" failures="0" tests="1" name="SeleniumAutomation.StandAloneTest" time="29.100" errors="0" timestamp="01 Sep 2022 21:37:12 GMT" skipped="0">
  <testcase classname="SeleniumAutomation.StandAloneTest" name="submitOrder" time="29.100"/>
</testsuite> <!-- SeleniumAutomation.StandAloneTest -->
