<?xml version="1.0" encoding="UTF-8"?>
<!-- Generated by org.testng.reporters.JUnitReportReporter -->
<testsuite hostname="LAPTOP-8391LUA7" failures="0" tests="2" name="SeleniumAutomation.SubmitOrderTest" time="41.849" errors="0" timestamp="08 Sep 2022 20:11:32 GMT" skipped="0">
  <testcase classname="SeleniumAutomation.SubmitOrderTest" name="orderHistory" time="0.655"/>
  <testcase classname="SeleniumAutomation.SubmitOrderTest" name="submitOrder" time="41.194"/>
</testsuite> <!-- SeleniumAutomation.SubmitOrderTest -->
