<?xml version="1.0" encoding="UTF-8"?>
<!-- Generated by org.testng.reporters.JUnitReportReporter -->
<testsuite hostname="LAPTOP-8391LUA7" failures="0" tests="1" name="Cucumber.TestNGTestRunner" time="9.667" errors="0" timestamp="11 Sep 2022 19:39:44 GMT" skipped="0">
  <testcase classname="Cucumber.TestNGTestRunner" name="runScenario" time="9.667"/>
</testsuite> <!-- Cucumber.TestNGTestRunner -->
