<?xml version="1.0" encoding="UTF-8"?>
<!-- Generated by org.testng.reporters.JUnitReportReporter -->
<testsuite skipped="0" hostname="LAPTOP-8391LUA7" name="SeleniumAutomation.ErrorValidationTest" tests="2" failures="0" timestamp="08 Sep 2022 21:26:10 GMT" time="35.304" errors="0">
  <testcase name="loginErrorValidation" time="10.135" classname="SeleniumAutomation.ErrorValidationTest"/>
  <testcase name="productErrorValidation" time="25.169" classname="SeleniumAutomation.ErrorValidationTest"/>
</testsuite> <!-- SeleniumAutomation.ErrorValidationTest -->
