<?xml version="1.0" encoding="UTF-8"?>
<!-- Generated by org.testng.reporters.JUnitReportReporter -->
<testsuite skipped="0" hostname="LAPTOP-8391LUA7" name="Cucumber.TestNGTestRunner" tests="1" failures="0" timestamp="11 Sep 2022 19:54:36 GMT" time="33.607" errors="0">
  <testcase name="runScenario" time="33.607" classname="Cucumber.TestNGTestRunner"/>
</testsuite> <!-- Cucumber.TestNGTestRunner -->
